<?xml version="1.0" encoding="UTF-8"?>
<testng-results ignored="0" total="1" passed="0" failed="1" skipped="0">
  <reporter-output>
  </reporter-output>
  <suite started-at="2025-07-27T10:21:23 IST" name="Default suite" finished-at="2025-07-27T10:21:30 IST" duration-ms="7531">
    <groups>
    </groups>
    <test started-at="2025-07-27T10:21:23 IST" name="Default test" finished-at="2025-07-27T10:21:30 IST" duration-ms="7531">
      <class name="com.naukriRunner.TestRunner">
        <test-method is-config="true" signature="browserlaunch()[pri:0, instance:com.naukriRunner.TestRunner@4cc8eb05]" started-at="2025-07-27T10:21:17 IST" name="browserlaunch" finished-at="2025-07-27T10:21:23 IST" duration-ms="5290" status="PASS">
          <reporter-output>
          </reporter-output>
        </test-method> <!-- browserlaunch -->
        <test-method is-config="true" signature="Launch()[pri:0, instance:com.naukriRunner.TestRunner@4cc8eb05]" started-at="2025-07-27T10:21:23 IST" name="Launch" finished-at="2025-07-27T10:21:26 IST" duration-ms="3422" status="PASS">
          <reporter-output>
          </reporter-output>
        </test-method> <!-- Launch -->
        <test-method signature="LoginPage()[pri:0, instance:com.naukriRunner.TestRunner@4cc8eb05]" started-at="2025-07-27T10:21:26 IST" name="LoginPage" finished-at="2025-07-27T10:21:27 IST" duration-ms="417" status="FAIL">
          <exception class="java.lang.AssertionError">
            <message>
              <![CDATA[Error : During the Input Value]]>
            </message>
            <full-stacktrace>
              <![CDATA[java.lang.AssertionError: Error : During the Input Value
at org.testng.Assert.fail(Assert.java:111)
at com.ReusableMethods.Baseclass.inputPassing(Baseclass.java:107)
at com.pageObjectModel.LoginPageModel.getLoginPage(LoginPageModel.java:36)
at com.naukriRunner.TestRunner.LoginPage(TestRunner.java:27)
at java.base/jdk.internal.reflect.DirectMethodHandleAccessor.invoke(DirectMethodHandleAccessor.java:103)
at java.base/java.lang.reflect.Method.invoke(Method.java:580)
at org.testng.internal.invokers.MethodInvocationHelper.invokeMethod(MethodInvocationHelper.java:141)
at org.testng.internal.invokers.TestInvoker.invokeMethod(TestInvoker.java:687)
at org.testng.internal.invokers.TestInvoker.invokeTestMethod(TestInvoker.java:230)
at org.testng.internal.invokers.MethodRunner.runInSequence(MethodRunner.java:63)
at org.testng.internal.invokers.TestInvoker$MethodInvocationAgent.invoke(TestInvoker.java:995)
at org.testng.internal.invokers.TestInvoker.invokeTestMethods(TestInvoker.java:203)
at org.testng.internal.invokers.TestMethodWorker.invokeTestMethods(TestMethodWorker.java:154)
at org.testng.internal.invokers.TestMethodWorker.run(TestMethodWorker.java:134)
at java.base/java.util.ArrayList.forEach(ArrayList.java:1596)
at org.testng.TestRunner.privateRun(TestRunner.java:741)
at org.testng.TestRunner.run(TestRunner.java:616)
at org.testng.SuiteRunner.runTest(SuiteRunner.java:421)
at org.testng.SuiteRunner.runSequentially(SuiteRunner.java:413)
at org.testng.SuiteRunner.privateRun(SuiteRunner.java:373)
at org.testng.SuiteRunner.run(SuiteRunner.java:312)
at org.testng.SuiteRunnerWorker.runSuite(SuiteRunnerWorker.java:52)
at org.testng.SuiteRunnerWorker.run(SuiteRunnerWorker.java:95)
at org.testng.TestNG.runSuitesSequentially(TestNG.java:1274)
at org.testng.TestNG.runSuitesLocally(TestNG.java:1208)
at org.testng.TestNG.runSuites(TestNG.java:1112)
at org.testng.TestNG.run(TestNG.java:1079)
at org.testng.remote.AbstractRemoteTestNG.run(AbstractRemoteTestNG.java:115)
at org.testng.remote.RemoteTestNG.initAndRun(RemoteTestNG.java:293)
at org.testng.remote.RemoteTestNG.main(RemoteTestNG.java:91)
]]>
            </full-stacktrace>
          </exception> <!-- java.lang.AssertionError -->
          <reporter-output>
          </reporter-output>
        </test-method> <!-- LoginPage -->
        <test-method is-config="true" signature="browserTerminate()[pri:0, instance:com.naukriRunner.TestRunner@4cc8eb05]" started-at="2025-07-27T10:21:27 IST" name="browserTerminate" finished-at="2025-07-27T10:21:30 IST" duration-ms="3594" status="PASS">
          <reporter-output>
          </reporter-output>
        </test-method> <!-- browserTerminate -->
      </class> <!-- com.naukriRunner.TestRunner -->
    </test> <!-- Default test -->
  </suite> <!-- Default suite -->
</testng-results>
